mode: set
github.com/open-telemetry/opentelemetry-collector-contrib/processor/tailsamplingprocessor/internal/store/redis/circuit_breaker.go:27.39,28.11 1 1
github.com/open-telemetry/opentelemetry-collector-contrib/processor/tailsamplingprocessor/internal/store/redis/circuit_breaker.go:29.19,30.18 1 1
github.com/open-telemetry/opentelemetry-collector-contrib/processor/tailsamplingprocessor/internal/store/redis/circuit_breaker.go:31.17,32.16 1 1
github.com/open-telemetry/opentelemetry-collector-contrib/processor/tailsamplingprocessor/internal/store/redis/circuit_breaker.go:33.21,34.21 1 1
github.com/open-telemetry/opentelemetry-collector-contrib/processor/tailsamplingprocessor/internal/store/redis/circuit_breaker.go:35.10,36.19 1 1
github.com/open-telemetry/opentelemetry-collector-contrib/processor/tailsamplingprocessor/internal/store/redis/circuit_breaker.go:59.46,60.29 1 1
github.com/open-telemetry/opentelemetry-collector-contrib/processor/tailsamplingprocessor/internal/store/redis/circuit_breaker.go:60.29,62.3 1 1
github.com/open-telemetry/opentelemetry-collector-contrib/processor/tailsamplingprocessor/internal/store/redis/circuit_breaker.go:63.2,63.29 1 1
github.com/open-telemetry/opentelemetry-collector-contrib/processor/tailsamplingprocessor/internal/store/redis/circuit_breaker.go:63.29,65.3 1 1
github.com/open-telemetry/opentelemetry-collector-contrib/processor/tailsamplingprocessor/internal/store/redis/circuit_breaker.go:66.2,66.25 1 1
github.com/open-telemetry/opentelemetry-collector-contrib/processor/tailsamplingprocessor/internal/store/redis/circuit_breaker.go:66.25,68.3 1 1
github.com/open-telemetry/opentelemetry-collector-contrib/processor/tailsamplingprocessor/internal/store/redis/circuit_breaker.go:69.2,69.32 1 1
github.com/open-telemetry/opentelemetry-collector-contrib/processor/tailsamplingprocessor/internal/store/redis/circuit_breaker.go:69.32,71.3 1 1
github.com/open-telemetry/opentelemetry-collector-contrib/processor/tailsamplingprocessor/internal/store/redis/circuit_breaker.go:72.2,72.30 1 1
github.com/open-telemetry/opentelemetry-collector-contrib/processor/tailsamplingprocessor/internal/store/redis/circuit_breaker.go:72.30,74.3 1 1
github.com/open-telemetry/opentelemetry-collector-contrib/processor/tailsamplingprocessor/internal/store/redis/circuit_breaker.go:78.49,79.28 1 1
github.com/open-telemetry/opentelemetry-collector-contrib/processor/tailsamplingprocessor/internal/store/redis/circuit_breaker.go:79.28,81.3 1 1
github.com/open-telemetry/opentelemetry-collector-contrib/processor/tailsamplingprocessor/internal/store/redis/circuit_breaker.go:82.2,82.28 1 1
github.com/open-telemetry/opentelemetry-collector-contrib/processor/tailsamplingprocessor/internal/store/redis/circuit_breaker.go:82.28,84.3 1 1
github.com/open-telemetry/opentelemetry-collector-contrib/processor/tailsamplingprocessor/internal/store/redis/circuit_breaker.go:85.2,85.25 1 1
github.com/open-telemetry/opentelemetry-collector-contrib/processor/tailsamplingprocessor/internal/store/redis/circuit_breaker.go:85.25,87.3 1 1
github.com/open-telemetry/opentelemetry-collector-contrib/processor/tailsamplingprocessor/internal/store/redis/circuit_breaker.go:88.2,88.31 1 1
github.com/open-telemetry/opentelemetry-collector-contrib/processor/tailsamplingprocessor/internal/store/redis/circuit_breaker.go:88.31,90.3 1 1
github.com/open-telemetry/opentelemetry-collector-contrib/processor/tailsamplingprocessor/internal/store/redis/circuit_breaker.go:91.2,91.30 1 1
github.com/open-telemetry/opentelemetry-collector-contrib/processor/tailsamplingprocessor/internal/store/redis/circuit_breaker.go:91.30,93.3 1 1
github.com/open-telemetry/opentelemetry-collector-contrib/processor/tailsamplingprocessor/internal/store/redis/circuit_breaker.go:94.2,94.12 1 1
github.com/open-telemetry/opentelemetry-collector-contrib/processor/tailsamplingprocessor/internal/store/redis/circuit_breaker.go:120.78,122.42 1 1
github.com/open-telemetry/opentelemetry-collector-contrib/processor/tailsamplingprocessor/internal/store/redis/circuit_breaker.go:122.42,127.34 1 1
github.com/open-telemetry/opentelemetry-collector-contrib/processor/tailsamplingprocessor/internal/store/redis/circuit_breaker.go:127.34,131.44 2 0
github.com/open-telemetry/opentelemetry-collector-contrib/processor/tailsamplingprocessor/internal/store/redis/circuit_breaker.go:131.44,133.5 1 0
github.com/open-telemetry/opentelemetry-collector-contrib/processor/tailsamplingprocessor/internal/store/redis/circuit_breaker.go:134.9,137.4 1 1
github.com/open-telemetry/opentelemetry-collector-contrib/processor/tailsamplingprocessor/internal/store/redis/circuit_breaker.go:140.2,147.16 3 1
github.com/open-telemetry/opentelemetry-collector-contrib/processor/tailsamplingprocessor/internal/store/redis/circuit_breaker.go:151.76,152.22 1 1
github.com/open-telemetry/opentelemetry-collector-contrib/processor/tailsamplingprocessor/internal/store/redis/circuit_breaker.go:152.22,154.3 1 1
github.com/open-telemetry/opentelemetry-collector-contrib/processor/tailsamplingprocessor/internal/store/redis/circuit_breaker.go:157.2,160.16 2 1
github.com/open-telemetry/opentelemetry-collector-contrib/processor/tailsamplingprocessor/internal/store/redis/circuit_breaker.go:160.16,162.3 1 1
github.com/open-telemetry/opentelemetry-collector-contrib/processor/tailsamplingprocessor/internal/store/redis/circuit_breaker.go:162.8,164.3 1 1
github.com/open-telemetry/opentelemetry-collector-contrib/processor/tailsamplingprocessor/internal/store/redis/circuit_breaker.go:166.2,166.12 1 1
github.com/open-telemetry/opentelemetry-collector-contrib/processor/tailsamplingprocessor/internal/store/redis/circuit_breaker.go:170.45,173.15 2 1
github.com/open-telemetry/opentelemetry-collector-contrib/processor/tailsamplingprocessor/internal/store/redis/circuit_breaker.go:174.19,175.14 1 1
github.com/open-telemetry/opentelemetry-collector-contrib/processor/tailsamplingprocessor/internal/store/redis/circuit_breaker.go:177.17,183.23 4 1
github.com/open-telemetry/opentelemetry-collector-contrib/processor/tailsamplingprocessor/internal/store/redis/circuit_breaker.go:183.23,186.4 2 1
github.com/open-telemetry/opentelemetry-collector-contrib/processor/tailsamplingprocessor/internal/store/redis/circuit_breaker.go:187.3,187.15 1 1
github.com/open-telemetry/opentelemetry-collector-contrib/processor/tailsamplingprocessor/internal/store/redis/circuit_breaker.go:189.21,192.58 2 1
github.com/open-telemetry/opentelemetry-collector-contrib/processor/tailsamplingprocessor/internal/store/redis/circuit_breaker.go:194.10,195.15 1 0
github.com/open-telemetry/opentelemetry-collector-contrib/processor/tailsamplingprocessor/internal/store/redis/circuit_breaker.go:200.43,212.15 5 1
github.com/open-telemetry/opentelemetry-collector-contrib/processor/tailsamplingprocessor/internal/store/redis/circuit_breaker.go:213.19,215.22 1 1
github.com/open-telemetry/opentelemetry-collector-contrib/processor/tailsamplingprocessor/internal/store/redis/circuit_breaker.go:215.22,217.4 1 1
github.com/open-telemetry/opentelemetry-collector-contrib/processor/tailsamplingprocessor/internal/store/redis/circuit_breaker.go:219.21,221.29 1 1
github.com/open-telemetry/opentelemetry-collector-contrib/processor/tailsamplingprocessor/internal/store/redis/circuit_breaker.go:225.2,225.77 1 1
github.com/open-telemetry/opentelemetry-collector-contrib/processor/tailsamplingprocessor/internal/store/redis/circuit_breaker.go:225.78,227.3 0 1
github.com/open-telemetry/opentelemetry-collector-contrib/processor/tailsamplingprocessor/internal/store/redis/circuit_breaker.go:231.43,240.15 4 1
github.com/open-telemetry/opentelemetry-collector-contrib/processor/tailsamplingprocessor/internal/store/redis/circuit_breaker.go:241.21,243.53 1 1
github.com/open-telemetry/opentelemetry-collector-contrib/processor/tailsamplingprocessor/internal/store/redis/circuit_breaker.go:243.53,245.4 1 1
github.com/open-telemetry/opentelemetry-collector-contrib/processor/tailsamplingprocessor/internal/store/redis/circuit_breaker.go:250.45,259.38 6 1
github.com/open-telemetry/opentelemetry-collector-contrib/processor/tailsamplingprocessor/internal/store/redis/circuit_breaker.go:259.38,260.22 1 1
github.com/open-telemetry/opentelemetry-collector-contrib/processor/tailsamplingprocessor/internal/store/redis/circuit_breaker.go:260.22,262.4 1 1
github.com/open-telemetry/opentelemetry-collector-contrib/processor/tailsamplingprocessor/internal/store/redis/circuit_breaker.go:264.2,267.61 2 1
github.com/open-telemetry/opentelemetry-collector-contrib/processor/tailsamplingprocessor/internal/store/redis/circuit_breaker.go:271.49,276.2 3 1
github.com/open-telemetry/opentelemetry-collector-contrib/processor/tailsamplingprocessor/internal/store/redis/circuit_breaker.go:279.63,282.26 2 1
github.com/open-telemetry/opentelemetry-collector-contrib/processor/tailsamplingprocessor/internal/store/redis/circuit_breaker.go:282.26,284.3 1 0
github.com/open-telemetry/opentelemetry-collector-contrib/processor/tailsamplingprocessor/internal/store/redis/circuit_breaker.go:286.2,291.18 4 1
github.com/open-telemetry/opentelemetry-collector-contrib/processor/tailsamplingprocessor/internal/store/redis/circuit_breaker.go:292.17,294.35 2 1
github.com/open-telemetry/opentelemetry-collector-contrib/processor/tailsamplingprocessor/internal/store/redis/circuit_breaker.go:296.21,298.35 2 1
github.com/open-telemetry/opentelemetry-collector-contrib/processor/tailsamplingprocessor/internal/store/redis/circuit_breaker.go:300.19,307.24 6 1
github.com/open-telemetry/opentelemetry-collector-contrib/processor/tailsamplingprocessor/internal/store/redis/circuit_breaker.go:311.2,311.29 1 1
github.com/open-telemetry/opentelemetry-collector-contrib/processor/tailsamplingprocessor/internal/store/redis/circuit_breaker.go:311.29,313.3 1 1
github.com/open-telemetry/opentelemetry-collector-contrib/processor/tailsamplingprocessor/internal/store/redis/circuit_breaker.go:317.51,319.2 1 1
github.com/open-telemetry/opentelemetry-collector-contrib/processor/tailsamplingprocessor/internal/store/redis/circuit_breaker.go:322.76,324.2 1 1
github.com/open-telemetry/opentelemetry-collector-contrib/processor/tailsamplingprocessor/internal/store/redis/circuit_breaker.go:327.35,329.2 1 1
github.com/open-telemetry/opentelemetry-collector-contrib/processor/tailsamplingprocessor/internal/store/redis/circuit_breaker.go:332.58,348.2 7 1
github.com/open-telemetry/opentelemetry-collector-contrib/processor/tailsamplingprocessor/internal/store/redis/redis_client.go:96.63,97.20 1 0
github.com/open-telemetry/opentelemetry-collector-contrib/processor/tailsamplingprocessor/internal/store/redis/redis_client.go:97.20,99.3 1 0
github.com/open-telemetry/opentelemetry-collector-contrib/processor/tailsamplingprocessor/internal/store/redis/redis_client.go:100.2,100.32 1 0
github.com/open-telemetry/opentelemetry-collector-contrib/processor/tailsamplingprocessor/internal/store/redis/redis_client.go:104.64,121.24 2 0
github.com/open-telemetry/opentelemetry-collector-contrib/processor/tailsamplingprocessor/internal/store/redis/redis_client.go:121.24,123.17 2 0
github.com/open-telemetry/opentelemetry-collector-contrib/processor/tailsamplingprocessor/internal/store/redis/redis_client.go:123.17,125.4 1 0
github.com/open-telemetry/opentelemetry-collector-contrib/processor/tailsamplingprocessor/internal/store/redis/redis_client.go:126.3,126.29 1 0
github.com/open-telemetry/opentelemetry-collector-contrib/processor/tailsamplingprocessor/internal/store/redis/redis_client.go:129.2,133.34 3 0
github.com/open-telemetry/opentelemetry-collector-contrib/processor/tailsamplingprocessor/internal/store/redis/redis_client.go:133.34,136.17 3 0
github.com/open-telemetry/opentelemetry-collector-contrib/processor/tailsamplingprocessor/internal/store/redis/redis_client.go:136.17,139.4 2 0
github.com/open-telemetry/opentelemetry-collector-contrib/processor/tailsamplingprocessor/internal/store/redis/redis_client.go:140.3,140.22 1 0
github.com/open-telemetry/opentelemetry-collector-contrib/processor/tailsamplingprocessor/internal/store/redis/redis_client.go:143.2,154.27 2 0
github.com/open-telemetry/opentelemetry-collector-contrib/processor/tailsamplingprocessor/internal/store/redis/redis_client.go:154.27,157.3 2 0
github.com/open-telemetry/opentelemetry-collector-contrib/processor/tailsamplingprocessor/internal/store/redis/redis_client.go:159.2,159.16 1 0
github.com/open-telemetry/opentelemetry-collector-contrib/processor/tailsamplingprocessor/internal/store/redis/redis_client.go:163.65,175.24 2 0
github.com/open-telemetry/opentelemetry-collector-contrib/processor/tailsamplingprocessor/internal/store/redis/redis_client.go:175.24,177.17 2 0
github.com/open-telemetry/opentelemetry-collector-contrib/processor/tailsamplingprocessor/internal/store/redis/redis_client.go:177.17,179.4 1 0
github.com/open-telemetry/opentelemetry-collector-contrib/processor/tailsamplingprocessor/internal/store/redis/redis_client.go:180.3,180.29 1 0
github.com/open-telemetry/opentelemetry-collector-contrib/processor/tailsamplingprocessor/internal/store/redis/redis_client.go:183.2,187.34 3 0
github.com/open-telemetry/opentelemetry-collector-contrib/processor/tailsamplingprocessor/internal/store/redis/redis_client.go:187.34,190.17 3 0
github.com/open-telemetry/opentelemetry-collector-contrib/processor/tailsamplingprocessor/internal/store/redis/redis_client.go:190.17,193.4 2 0
github.com/open-telemetry/opentelemetry-collector-contrib/processor/tailsamplingprocessor/internal/store/redis/redis_client.go:194.3,194.22 1 0
github.com/open-telemetry/opentelemetry-collector-contrib/processor/tailsamplingprocessor/internal/store/redis/redis_client.go:197.2,208.27 2 0
github.com/open-telemetry/opentelemetry-collector-contrib/processor/tailsamplingprocessor/internal/store/redis/redis_client.go:208.27,211.3 2 0
github.com/open-telemetry/opentelemetry-collector-contrib/processor/tailsamplingprocessor/internal/store/redis/redis_client.go:213.2,213.16 1 0
github.com/open-telemetry/opentelemetry-collector-contrib/processor/tailsamplingprocessor/internal/store/redis/redis_client.go:217.61,223.51 2 0
github.com/open-telemetry/opentelemetry-collector-contrib/processor/tailsamplingprocessor/internal/store/redis/redis_client.go:223.51,225.17 2 0
github.com/open-telemetry/opentelemetry-collector-contrib/processor/tailsamplingprocessor/internal/store/redis/redis_client.go:225.17,227.4 1 0
github.com/open-telemetry/opentelemetry-collector-contrib/processor/tailsamplingprocessor/internal/store/redis/redis_client.go:228.3,228.51 1 0
github.com/open-telemetry/opentelemetry-collector-contrib/processor/tailsamplingprocessor/internal/store/redis/redis_client.go:232.2,232.25 1 0
github.com/open-telemetry/opentelemetry-collector-contrib/processor/tailsamplingprocessor/internal/store/redis/redis_client.go:232.25,234.17 2 0
github.com/open-telemetry/opentelemetry-collector-contrib/processor/tailsamplingprocessor/internal/store/redis/redis_client.go:234.17,236.4 1 0
github.com/open-telemetry/opentelemetry-collector-contrib/processor/tailsamplingprocessor/internal/store/redis/redis_client.go:240.3,240.13 1 0
github.com/open-telemetry/opentelemetry-collector-contrib/processor/tailsamplingprocessor/internal/store/redis/redis_client.go:243.2,243.23 1 0
github.com/open-telemetry/opentelemetry-collector-contrib/processor/tailsamplingprocessor/internal/store/redis/redis_client.go:247.45,251.6 3 0
github.com/open-telemetry/opentelemetry-collector-contrib/processor/tailsamplingprocessor/internal/store/redis/redis_client.go:251.6,252.10 1 0
github.com/open-telemetry/opentelemetry-collector-contrib/processor/tailsamplingprocessor/internal/store/redis/redis_client.go:253.20,254.10 1 0
github.com/open-telemetry/opentelemetry-collector-contrib/processor/tailsamplingprocessor/internal/store/redis/redis_client.go:255.19,256.23 1 0
github.com/open-telemetry/opentelemetry-collector-contrib/processor/tailsamplingprocessor/internal/store/redis/redis_client.go:256.23,258.5 1 0
github.com/open-telemetry/opentelemetry-collector-contrib/processor/tailsamplingprocessor/internal/store/redis/redis_client.go:260.4,264.43 4 0
github.com/open-telemetry/opentelemetry-collector-contrib/processor/tailsamplingprocessor/internal/store/redis/redis_client.go:264.43,266.33 2 0
github.com/open-telemetry/opentelemetry-collector-contrib/processor/tailsamplingprocessor/internal/store/redis/redis_client.go:266.33,268.6 1 0
github.com/open-telemetry/opentelemetry-collector-contrib/processor/tailsamplingprocessor/internal/store/redis/redis_client.go:275.39,277.29 2 0
github.com/open-telemetry/opentelemetry-collector-contrib/processor/tailsamplingprocessor/internal/store/redis/redis_client.go:277.29,280.3 2 0
github.com/open-telemetry/opentelemetry-collector-contrib/processor/tailsamplingprocessor/internal/store/redis/redis_client.go:281.2,288.23 5 0
github.com/open-telemetry/opentelemetry-collector-contrib/processor/tailsamplingprocessor/internal/store/redis/redis_client.go:288.23,289.10 1 0
github.com/open-telemetry/opentelemetry-collector-contrib/processor/tailsamplingprocessor/internal/store/redis/redis_client.go:290.39,290.39 0 0
github.com/open-telemetry/opentelemetry-collector-contrib/processor/tailsamplingprocessor/internal/store/redis/redis_client.go:291.20,292.10 1 0
github.com/open-telemetry/opentelemetry-collector-contrib/processor/tailsamplingprocessor/internal/store/redis/redis_client.go:296.3,310.27 2 0
github.com/open-telemetry/opentelemetry-collector-contrib/processor/tailsamplingprocessor/internal/store/redis/redis_client.go:310.27,312.18 2 0
github.com/open-telemetry/opentelemetry-collector-contrib/processor/tailsamplingprocessor/internal/store/redis/redis_client.go:312.18,314.13 2 0
github.com/open-telemetry/opentelemetry-collector-contrib/processor/tailsamplingprocessor/internal/store/redis/redis_client.go:316.4,316.33 1 0
github.com/open-telemetry/opentelemetry-collector-contrib/processor/tailsamplingprocessor/internal/store/redis/redis_client.go:319.3,326.17 5 0
github.com/open-telemetry/opentelemetry-collector-contrib/processor/tailsamplingprocessor/internal/store/redis/redis_client.go:326.17,330.46 4 0
github.com/open-telemetry/opentelemetry-collector-contrib/processor/tailsamplingprocessor/internal/store/redis/redis_client.go:330.46,332.5 1 0
github.com/open-telemetry/opentelemetry-collector-contrib/processor/tailsamplingprocessor/internal/store/redis/redis_client.go:333.4,333.12 1 0
github.com/open-telemetry/opentelemetry-collector-contrib/processor/tailsamplingprocessor/internal/store/redis/redis_client.go:337.3,344.30 6 0
github.com/open-telemetry/opentelemetry-collector-contrib/processor/tailsamplingprocessor/internal/store/redis/redis_client.go:344.30,346.4 1 0
github.com/open-telemetry/opentelemetry-collector-contrib/processor/tailsamplingprocessor/internal/store/redis/redis_client.go:348.3,349.9 2 0
github.com/open-telemetry/opentelemetry-collector-contrib/processor/tailsamplingprocessor/internal/store/redis/redis_client.go:354.71,359.23 2 0
github.com/open-telemetry/opentelemetry-collector-contrib/processor/tailsamplingprocessor/internal/store/redis/redis_client.go:359.23,365.17 4 0
github.com/open-telemetry/opentelemetry-collector-contrib/processor/tailsamplingprocessor/internal/store/redis/redis_client.go:365.17,367.32 2 0
github.com/open-telemetry/opentelemetry-collector-contrib/processor/tailsamplingprocessor/internal/store/redis/redis_client.go:367.32,369.5 1 0
github.com/open-telemetry/opentelemetry-collector-contrib/processor/tailsamplingprocessor/internal/store/redis/redis_client.go:375.80,376.21 1 0
github.com/open-telemetry/opentelemetry-collector-contrib/processor/tailsamplingprocessor/internal/store/redis/redis_client.go:376.21,378.3 1 0
github.com/open-telemetry/opentelemetry-collector-contrib/processor/tailsamplingprocessor/internal/store/redis/redis_client.go:380.2,380.29 1 0
github.com/open-telemetry/opentelemetry-collector-contrib/processor/tailsamplingprocessor/internal/store/redis/redis_client.go:380.29,382.3 1 0
github.com/open-telemetry/opentelemetry-collector-contrib/processor/tailsamplingprocessor/internal/store/redis/redis_client.go:383.2,383.13 1 0
github.com/open-telemetry/opentelemetry-collector-contrib/processor/tailsamplingprocessor/internal/store/redis/redis_client.go:388.59,389.38 1 0
github.com/open-telemetry/opentelemetry-collector-contrib/processor/tailsamplingprocessor/internal/store/redis/redis_client.go:389.38,391.3 1 0
github.com/open-telemetry/opentelemetry-collector-contrib/processor/tailsamplingprocessor/internal/store/redis/redis_client.go:394.41,395.43 1 0
github.com/open-telemetry/opentelemetry-collector-contrib/processor/tailsamplingprocessor/internal/store/redis/redis_client.go:395.43,397.3 1 0
github.com/open-telemetry/opentelemetry-collector-contrib/processor/tailsamplingprocessor/internal/store/redis/redis_client.go:399.2,400.25 2 0
github.com/open-telemetry/opentelemetry-collector-contrib/processor/tailsamplingprocessor/internal/store/redis/redis_client.go:403.90,405.38 2 0
github.com/open-telemetry/opentelemetry-collector-contrib/processor/tailsamplingprocessor/internal/store/redis/redis_client.go:405.38,409.3 3 0
github.com/open-telemetry/opentelemetry-collector-contrib/processor/tailsamplingprocessor/internal/store/redis/redis_client.go:410.2,410.20 1 0
github.com/open-telemetry/opentelemetry-collector-contrib/processor/tailsamplingprocessor/internal/store/redis/redis_client.go:413.124,415.38 2 0
github.com/open-telemetry/opentelemetry-collector-contrib/processor/tailsamplingprocessor/internal/store/redis/redis_client.go:415.38,419.3 3 0
github.com/open-telemetry/opentelemetry-collector-contrib/processor/tailsamplingprocessor/internal/store/redis/redis_client.go:420.2,420.20 1 0
github.com/open-telemetry/opentelemetry-collector-contrib/processor/tailsamplingprocessor/internal/store/redis/redis_client.go:423.95,425.38 2 0
github.com/open-telemetry/opentelemetry-collector-contrib/processor/tailsamplingprocessor/internal/store/redis/redis_client.go:425.38,429.3 3 0
github.com/open-telemetry/opentelemetry-collector-contrib/processor/tailsamplingprocessor/internal/store/redis/redis_client.go:430.2,430.20 1 0
github.com/open-telemetry/opentelemetry-collector-contrib/processor/tailsamplingprocessor/internal/store/redis/redis_client.go:433.94,434.38 1 0
github.com/open-telemetry/opentelemetry-collector-contrib/processor/tailsamplingprocessor/internal/store/redis/redis_client.go:434.38,436.3 1 0
github.com/open-telemetry/opentelemetry-collector-contrib/processor/tailsamplingprocessor/internal/store/redis/redis_client.go:439.95,441.38 2 0
github.com/open-telemetry/opentelemetry-collector-contrib/processor/tailsamplingprocessor/internal/store/redis/redis_client.go:441.38,445.3 3 0
github.com/open-telemetry/opentelemetry-collector-contrib/processor/tailsamplingprocessor/internal/store/redis/redis_client.go:446.2,446.20 1 0
github.com/open-telemetry/opentelemetry-collector-contrib/processor/tailsamplingprocessor/internal/store/redis/redis_client.go:449.104,451.38 2 0
github.com/open-telemetry/opentelemetry-collector-contrib/processor/tailsamplingprocessor/internal/store/redis/redis_client.go:451.38,455.3 3 0
github.com/open-telemetry/opentelemetry-collector-contrib/processor/tailsamplingprocessor/internal/store/redis/redis_client.go:456.2,456.20 1 0
github.com/open-telemetry/opentelemetry-collector-contrib/processor/tailsamplingprocessor/internal/store/redis/redis_client.go:459.80,461.38 2 0
github.com/open-telemetry/opentelemetry-collector-contrib/processor/tailsamplingprocessor/internal/store/redis/redis_client.go:461.38,465.3 3 0
github.com/open-telemetry/opentelemetry-collector-contrib/processor/tailsamplingprocessor/internal/store/redis/redis_client.go:466.2,466.20 1 0
github.com/open-telemetry/opentelemetry-collector-contrib/processor/tailsamplingprocessor/internal/store/redis/redis_client.go:469.80,471.38 2 0
github.com/open-telemetry/opentelemetry-collector-contrib/processor/tailsamplingprocessor/internal/store/redis/redis_client.go:471.38,475.3 3 0
github.com/open-telemetry/opentelemetry-collector-contrib/processor/tailsamplingprocessor/internal/store/redis/redis_client.go:476.2,476.20 1 0
github.com/open-telemetry/opentelemetry-collector-contrib/processor/tailsamplingprocessor/internal/store/redis/redis_client.go:479.115,480.38 1 0
github.com/open-telemetry/opentelemetry-collector-contrib/processor/tailsamplingprocessor/internal/store/redis/redis_client.go:480.38,482.3 1 0
github.com/open-telemetry/opentelemetry-collector-contrib/processor/tailsamplingprocessor/internal/store/redis/redis_client.go:485.91,486.38 1 0
github.com/open-telemetry/opentelemetry-collector-contrib/processor/tailsamplingprocessor/internal/store/redis/redis_client.go:486.38,488.3 1 0
github.com/open-telemetry/opentelemetry-collector-contrib/processor/tailsamplingprocessor/internal/store/redis/redis_client.go:491.113,493.38 2 0
github.com/open-telemetry/opentelemetry-collector-contrib/processor/tailsamplingprocessor/internal/store/redis/redis_client.go:493.38,497.3 3 0
github.com/open-telemetry/opentelemetry-collector-contrib/processor/tailsamplingprocessor/internal/store/redis/redis_client.go:498.2,498.20 1 0
github.com/open-telemetry/opentelemetry-collector-contrib/processor/tailsamplingprocessor/internal/store/redis/redis_client.go:501.95,502.38 1 0
github.com/open-telemetry/opentelemetry-collector-contrib/processor/tailsamplingprocessor/internal/store/redis/redis_client.go:502.38,504.3 1 0
github.com/open-telemetry/opentelemetry-collector-contrib/processor/tailsamplingprocessor/internal/store/redis/redis_client.go:507.99,508.38 1 0
github.com/open-telemetry/opentelemetry-collector-contrib/processor/tailsamplingprocessor/internal/store/redis/redis_client.go:508.38,510.3 1 0
github.com/open-telemetry/opentelemetry-collector-contrib/processor/tailsamplingprocessor/internal/store/redis/redis_client.go:513.100,514.38 1 0
github.com/open-telemetry/opentelemetry-collector-contrib/processor/tailsamplingprocessor/internal/store/redis/redis_client.go:514.38,516.3 1 0
github.com/open-telemetry/opentelemetry-collector-contrib/processor/tailsamplingprocessor/internal/store/redis/redis_client.go:519.54,521.2 1 0
github.com/open-telemetry/opentelemetry-collector-contrib/processor/tailsamplingprocessor/internal/store/redis/redis_client.go:523.56,525.2 1 0
github.com/open-telemetry/opentelemetry-collector-contrib/processor/tailsamplingprocessor/internal/store/redis/redis_client.go:528.52,532.6 3 0
github.com/open-telemetry/opentelemetry-collector-contrib/processor/tailsamplingprocessor/internal/store/redis/redis_client.go:532.6,533.10 1 0
github.com/open-telemetry/opentelemetry-collector-contrib/processor/tailsamplingprocessor/internal/store/redis/redis_client.go:534.20,535.10 1 0
github.com/open-telemetry/opentelemetry-collector-contrib/processor/tailsamplingprocessor/internal/store/redis/redis_client.go:536.19,537.23 1 0
github.com/open-telemetry/opentelemetry-collector-contrib/processor/tailsamplingprocessor/internal/store/redis/redis_client.go:537.23,539.5 1 0
github.com/open-telemetry/opentelemetry-collector-contrib/processor/tailsamplingprocessor/internal/store/redis/redis_client.go:541.4,545.43 4 0
github.com/open-telemetry/opentelemetry-collector-contrib/processor/tailsamplingprocessor/internal/store/redis/redis_client.go:545.43,547.33 2 0
github.com/open-telemetry/opentelemetry-collector-contrib/processor/tailsamplingprocessor/internal/store/redis/redis_client.go:547.33,549.6 1 0
github.com/open-telemetry/opentelemetry-collector-contrib/processor/tailsamplingprocessor/internal/store/redis/redis_client.go:556.46,558.29 2 0
github.com/open-telemetry/opentelemetry-collector-contrib/processor/tailsamplingprocessor/internal/store/redis/redis_client.go:558.29,561.3 2 0
github.com/open-telemetry/opentelemetry-collector-contrib/processor/tailsamplingprocessor/internal/store/redis/redis_client.go:562.2,569.23 5 0
github.com/open-telemetry/opentelemetry-collector-contrib/processor/tailsamplingprocessor/internal/store/redis/redis_client.go:569.23,570.10 1 0
github.com/open-telemetry/opentelemetry-collector-contrib/processor/tailsamplingprocessor/internal/store/redis/redis_client.go:571.39,571.39 0 0
github.com/open-telemetry/opentelemetry-collector-contrib/processor/tailsamplingprocessor/internal/store/redis/redis_client.go:572.20,573.10 1 0
github.com/open-telemetry/opentelemetry-collector-contrib/processor/tailsamplingprocessor/internal/store/redis/redis_client.go:577.3,587.27 2 0
github.com/open-telemetry/opentelemetry-collector-contrib/processor/tailsamplingprocessor/internal/store/redis/redis_client.go:587.27,589.18 2 0
github.com/open-telemetry/opentelemetry-collector-contrib/processor/tailsamplingprocessor/internal/store/redis/redis_client.go:589.18,591.13 2 0
github.com/open-telemetry/opentelemetry-collector-contrib/processor/tailsamplingprocessor/internal/store/redis/redis_client.go:593.4,593.33 1 0
github.com/open-telemetry/opentelemetry-collector-contrib/processor/tailsamplingprocessor/internal/store/redis/redis_client.go:596.3,603.17 5 0
github.com/open-telemetry/opentelemetry-collector-contrib/processor/tailsamplingprocessor/internal/store/redis/redis_client.go:603.17,607.46 4 0
github.com/open-telemetry/opentelemetry-collector-contrib/processor/tailsamplingprocessor/internal/store/redis/redis_client.go:607.46,609.5 1 0
github.com/open-telemetry/opentelemetry-collector-contrib/processor/tailsamplingprocessor/internal/store/redis/redis_client.go:610.4,610.12 1 0
github.com/open-telemetry/opentelemetry-collector-contrib/processor/tailsamplingprocessor/internal/store/redis/redis_client.go:614.3,621.30 6 0
github.com/open-telemetry/opentelemetry-collector-contrib/processor/tailsamplingprocessor/internal/store/redis/redis_client.go:621.30,623.4 1 0
github.com/open-telemetry/opentelemetry-collector-contrib/processor/tailsamplingprocessor/internal/store/redis/redis_client.go:625.3,626.9 2 0
github.com/open-telemetry/opentelemetry-collector-contrib/processor/tailsamplingprocessor/internal/store/redis/redis_client.go:631.78,636.23 2 0
github.com/open-telemetry/opentelemetry-collector-contrib/processor/tailsamplingprocessor/internal/store/redis/redis_client.go:636.23,642.17 4 0
github.com/open-telemetry/opentelemetry-collector-contrib/processor/tailsamplingprocessor/internal/store/redis/redis_client.go:642.17,644.32 2 0
github.com/open-telemetry/opentelemetry-collector-contrib/processor/tailsamplingprocessor/internal/store/redis/redis_client.go:644.32,646.5 1 0
github.com/open-telemetry/opentelemetry-collector-contrib/processor/tailsamplingprocessor/internal/store/redis/redis_client.go:652.87,653.21 1 0
github.com/open-telemetry/opentelemetry-collector-contrib/processor/tailsamplingprocessor/internal/store/redis/redis_client.go:653.21,655.3 1 0
github.com/open-telemetry/opentelemetry-collector-contrib/processor/tailsamplingprocessor/internal/store/redis/redis_client.go:657.2,657.29 1 0
github.com/open-telemetry/opentelemetry-collector-contrib/processor/tailsamplingprocessor/internal/store/redis/redis_client.go:657.29,659.3 1 0
github.com/open-telemetry/opentelemetry-collector-contrib/processor/tailsamplingprocessor/internal/store/redis/redis_client.go:660.2,660.13 1 0
github.com/open-telemetry/opentelemetry-collector-contrib/processor/tailsamplingprocessor/internal/store/redis/redis_client.go:665.66,666.38 1 0
github.com/open-telemetry/opentelemetry-collector-contrib/processor/tailsamplingprocessor/internal/store/redis/redis_client.go:666.38,668.3 1 0
github.com/open-telemetry/opentelemetry-collector-contrib/processor/tailsamplingprocessor/internal/store/redis/redis_client.go:671.48,672.43 1 0
github.com/open-telemetry/opentelemetry-collector-contrib/processor/tailsamplingprocessor/internal/store/redis/redis_client.go:672.43,674.3 1 0
github.com/open-telemetry/opentelemetry-collector-contrib/processor/tailsamplingprocessor/internal/store/redis/redis_client.go:676.2,677.25 2 0
github.com/open-telemetry/opentelemetry-collector-contrib/processor/tailsamplingprocessor/internal/store/redis/redis_client.go:680.97,682.38 2 0
github.com/open-telemetry/opentelemetry-collector-contrib/processor/tailsamplingprocessor/internal/store/redis/redis_client.go:682.38,686.3 3 0
github.com/open-telemetry/opentelemetry-collector-contrib/processor/tailsamplingprocessor/internal/store/redis/redis_client.go:687.2,687.20 1 0
github.com/open-telemetry/opentelemetry-collector-contrib/processor/tailsamplingprocessor/internal/store/redis/redis_client.go:690.131,692.38 2 0
github.com/open-telemetry/opentelemetry-collector-contrib/processor/tailsamplingprocessor/internal/store/redis/redis_client.go:692.38,696.3 3 0
github.com/open-telemetry/opentelemetry-collector-contrib/processor/tailsamplingprocessor/internal/store/redis/redis_client.go:697.2,697.20 1 0
github.com/open-telemetry/opentelemetry-collector-contrib/processor/tailsamplingprocessor/internal/store/redis/redis_client.go:700.102,702.38 2 0
github.com/open-telemetry/opentelemetry-collector-contrib/processor/tailsamplingprocessor/internal/store/redis/redis_client.go:702.38,706.3 3 0
github.com/open-telemetry/opentelemetry-collector-contrib/processor/tailsamplingprocessor/internal/store/redis/redis_client.go:707.2,707.20 1 0
github.com/open-telemetry/opentelemetry-collector-contrib/processor/tailsamplingprocessor/internal/store/redis/redis_client.go:710.101,711.38 1 0
github.com/open-telemetry/opentelemetry-collector-contrib/processor/tailsamplingprocessor/internal/store/redis/redis_client.go:711.38,713.3 1 0
github.com/open-telemetry/opentelemetry-collector-contrib/processor/tailsamplingprocessor/internal/store/redis/redis_client.go:716.102,718.38 2 0
github.com/open-telemetry/opentelemetry-collector-contrib/processor/tailsamplingprocessor/internal/store/redis/redis_client.go:718.38,722.3 3 0
github.com/open-telemetry/opentelemetry-collector-contrib/processor/tailsamplingprocessor/internal/store/redis/redis_client.go:723.2,723.20 1 0
github.com/open-telemetry/opentelemetry-collector-contrib/processor/tailsamplingprocessor/internal/store/redis/redis_client.go:726.111,728.38 2 0
github.com/open-telemetry/opentelemetry-collector-contrib/processor/tailsamplingprocessor/internal/store/redis/redis_client.go:728.38,732.3 3 0
github.com/open-telemetry/opentelemetry-collector-contrib/processor/tailsamplingprocessor/internal/store/redis/redis_client.go:733.2,733.20 1 0
github.com/open-telemetry/opentelemetry-collector-contrib/processor/tailsamplingprocessor/internal/store/redis/redis_client.go:736.87,738.38 2 0
github.com/open-telemetry/opentelemetry-collector-contrib/processor/tailsamplingprocessor/internal/store/redis/redis_client.go:738.38,742.3 3 0
github.com/open-telemetry/opentelemetry-collector-contrib/processor/tailsamplingprocessor/internal/store/redis/redis_client.go:743.2,743.20 1 0
github.com/open-telemetry/opentelemetry-collector-contrib/processor/tailsamplingprocessor/internal/store/redis/redis_client.go:746.87,748.38 2 0
github.com/open-telemetry/opentelemetry-collector-contrib/processor/tailsamplingprocessor/internal/store/redis/redis_client.go:748.38,752.3 3 0
github.com/open-telemetry/opentelemetry-collector-contrib/processor/tailsamplingprocessor/internal/store/redis/redis_client.go:753.2,753.20 1 0
github.com/open-telemetry/opentelemetry-collector-contrib/processor/tailsamplingprocessor/internal/store/redis/redis_client.go:756.122,757.38 1 0
github.com/open-telemetry/opentelemetry-collector-contrib/processor/tailsamplingprocessor/internal/store/redis/redis_client.go:757.38,759.3 1 0
github.com/open-telemetry/opentelemetry-collector-contrib/processor/tailsamplingprocessor/internal/store/redis/redis_client.go:762.98,763.38 1 0
github.com/open-telemetry/opentelemetry-collector-contrib/processor/tailsamplingprocessor/internal/store/redis/redis_client.go:763.38,765.3 1 0
github.com/open-telemetry/opentelemetry-collector-contrib/processor/tailsamplingprocessor/internal/store/redis/redis_client.go:768.120,770.38 2 0
github.com/open-telemetry/opentelemetry-collector-contrib/processor/tailsamplingprocessor/internal/store/redis/redis_client.go:770.38,774.3 3 0
github.com/open-telemetry/opentelemetry-collector-contrib/processor/tailsamplingprocessor/internal/store/redis/redis_client.go:775.2,775.20 1 0
github.com/open-telemetry/opentelemetry-collector-contrib/processor/tailsamplingprocessor/internal/store/redis/redis_client.go:778.102,779.38 1 0
github.com/open-telemetry/opentelemetry-collector-contrib/processor/tailsamplingprocessor/internal/store/redis/redis_client.go:779.38,781.3 1 0
github.com/open-telemetry/opentelemetry-collector-contrib/processor/tailsamplingprocessor/internal/store/redis/redis_client.go:784.106,785.38 1 0
github.com/open-telemetry/opentelemetry-collector-contrib/processor/tailsamplingprocessor/internal/store/redis/redis_client.go:785.38,787.3 1 0
github.com/open-telemetry/opentelemetry-collector-contrib/processor/tailsamplingprocessor/internal/store/redis/redis_client.go:790.107,791.38 1 0
github.com/open-telemetry/opentelemetry-collector-contrib/processor/tailsamplingprocessor/internal/store/redis/redis_client.go:791.38,793.3 1 0
github.com/open-telemetry/opentelemetry-collector-contrib/processor/tailsamplingprocessor/internal/store/redis/redis_client.go:796.61,798.2 1 0
github.com/open-telemetry/opentelemetry-collector-contrib/processor/tailsamplingprocessor/internal/store/redis/redis_client.go:800.63,802.2 1 0
github.com/open-telemetry/opentelemetry-collector-contrib/processor/tailsamplingprocessor/internal/store/redis/redis_client.go:805.40,807.16 2 1
github.com/open-telemetry/opentelemetry-collector-contrib/processor/tailsamplingprocessor/internal/store/redis/redis_client.go:807.16,809.3 1 0
github.com/open-telemetry/opentelemetry-collector-contrib/processor/tailsamplingprocessor/internal/store/redis/redis_client.go:811.2,816.93 3 1
github.com/open-telemetry/opentelemetry-collector-contrib/processor/tailsamplingprocessor/internal/store/redis/redis_config.go:133.32,178.2 1 1
github.com/open-telemetry/opentelemetry-collector-contrib/processor/tailsamplingprocessor/internal/store/redis/redis_config.go:181.35,182.34 1 1
github.com/open-telemetry/opentelemetry-collector-contrib/processor/tailsamplingprocessor/internal/store/redis/redis_config.go:182.34,184.3 1 1
github.com/open-telemetry/opentelemetry-collector-contrib/processor/tailsamplingprocessor/internal/store/redis/redis_config.go:186.2,186.22 1 1
github.com/open-telemetry/opentelemetry-collector-contrib/processor/tailsamplingprocessor/internal/store/redis/redis_config.go:186.22,188.3 1 1
github.com/open-telemetry/opentelemetry-collector-contrib/processor/tailsamplingprocessor/internal/store/redis/redis_config.go:190.2,190.23 1 1
github.com/open-telemetry/opentelemetry-collector-contrib/processor/tailsamplingprocessor/internal/store/redis/redis_config.go:190.23,192.3 1 1
github.com/open-telemetry/opentelemetry-collector-contrib/processor/tailsamplingprocessor/internal/store/redis/redis_config.go:194.2,194.25 1 1
github.com/open-telemetry/opentelemetry-collector-contrib/processor/tailsamplingprocessor/internal/store/redis/redis_config.go:194.25,196.3 1 0
github.com/open-telemetry/opentelemetry-collector-contrib/processor/tailsamplingprocessor/internal/store/redis/redis_config.go:198.2,198.24 1 1
github.com/open-telemetry/opentelemetry-collector-contrib/processor/tailsamplingprocessor/internal/store/redis/redis_config.go:198.24,200.3 1 0
github.com/open-telemetry/opentelemetry-collector-contrib/processor/tailsamplingprocessor/internal/store/redis/redis_config.go:202.2,202.21 1 1
github.com/open-telemetry/opentelemetry-collector-contrib/processor/tailsamplingprocessor/internal/store/redis/redis_config.go:202.21,204.3 1 0
github.com/open-telemetry/opentelemetry-collector-contrib/processor/tailsamplingprocessor/internal/store/redis/redis_config.go:207.2,207.44 1 1
github.com/open-telemetry/opentelemetry-collector-contrib/processor/tailsamplingprocessor/internal/store/redis/redis_config.go:207.44,209.3 1 0
github.com/open-telemetry/opentelemetry-collector-contrib/processor/tailsamplingprocessor/internal/store/redis/redis_config.go:212.2,212.43 1 1
github.com/open-telemetry/opentelemetry-collector-contrib/processor/tailsamplingprocessor/internal/store/redis/redis_config.go:212.43,214.3 1 0
github.com/open-telemetry/opentelemetry-collector-contrib/processor/tailsamplingprocessor/internal/store/redis/redis_config.go:216.2,216.12 1 1
github.com/open-telemetry/opentelemetry-collector-contrib/processor/tailsamplingprocessor/internal/store/redis/redis_config.go:220.41,221.39 1 1
github.com/open-telemetry/opentelemetry-collector-contrib/processor/tailsamplingprocessor/internal/store/redis/redis_config.go:221.39,223.3 1 0
github.com/open-telemetry/opentelemetry-collector-contrib/processor/tailsamplingprocessor/internal/store/redis/redis_config.go:225.2,225.29 1 1
github.com/open-telemetry/opentelemetry-collector-contrib/processor/tailsamplingprocessor/internal/store/redis/redis_config.go:225.29,227.3 1 0
github.com/open-telemetry/opentelemetry-collector-contrib/processor/tailsamplingprocessor/internal/store/redis/redis_config.go:229.2,229.32 1 1
github.com/open-telemetry/opentelemetry-collector-contrib/processor/tailsamplingprocessor/internal/store/redis/redis_config.go:229.32,231.3 1 0
github.com/open-telemetry/opentelemetry-collector-contrib/processor/tailsamplingprocessor/internal/store/redis/redis_config.go:233.2,233.49 1 1
github.com/open-telemetry/opentelemetry-collector-contrib/processor/tailsamplingprocessor/internal/store/redis/redis_config.go:233.49,235.3 1 0
github.com/open-telemetry/opentelemetry-collector-contrib/processor/tailsamplingprocessor/internal/store/redis/redis_config.go:237.2,237.29 1 1
github.com/open-telemetry/opentelemetry-collector-contrib/processor/tailsamplingprocessor/internal/store/redis/redis_config.go:237.29,239.3 1 0
github.com/open-telemetry/opentelemetry-collector-contrib/processor/tailsamplingprocessor/internal/store/redis/redis_config.go:241.2,241.26 1 1
github.com/open-telemetry/opentelemetry-collector-contrib/processor/tailsamplingprocessor/internal/store/redis/redis_config.go:241.26,243.3 1 0
github.com/open-telemetry/opentelemetry-collector-contrib/processor/tailsamplingprocessor/internal/store/redis/redis_config.go:245.2,245.27 1 1
github.com/open-telemetry/opentelemetry-collector-contrib/processor/tailsamplingprocessor/internal/store/redis/redis_config.go:245.27,247.3 1 0
github.com/open-telemetry/opentelemetry-collector-contrib/processor/tailsamplingprocessor/internal/store/redis/redis_config.go:250.2,250.19 1 1
github.com/open-telemetry/opentelemetry-collector-contrib/processor/tailsamplingprocessor/internal/store/redis/redis_config.go:250.19,251.58 1 0
github.com/open-telemetry/opentelemetry-collector-contrib/processor/tailsamplingprocessor/internal/store/redis/redis_config.go:251.58,253.4 1 0
github.com/open-telemetry/opentelemetry-collector-contrib/processor/tailsamplingprocessor/internal/store/redis/redis_config.go:255.3,255.56 1 0
github.com/open-telemetry/opentelemetry-collector-contrib/processor/tailsamplingprocessor/internal/store/redis/redis_config.go:255.56,257.4 1 0
github.com/open-telemetry/opentelemetry-collector-contrib/processor/tailsamplingprocessor/internal/store/redis/redis_config.go:259.3,259.54 1 0
github.com/open-telemetry/opentelemetry-collector-contrib/processor/tailsamplingprocessor/internal/store/redis/redis_config.go:259.54,261.4 1 0
github.com/open-telemetry/opentelemetry-collector-contrib/processor/tailsamplingprocessor/internal/store/redis/redis_config.go:265.2,265.29 1 1
github.com/open-telemetry/opentelemetry-collector-contrib/processor/tailsamplingprocessor/internal/store/redis/redis_config.go:265.29,266.53 1 1
github.com/open-telemetry/opentelemetry-collector-contrib/processor/tailsamplingprocessor/internal/store/redis/redis_config.go:266.53,268.4 1 0
github.com/open-telemetry/opentelemetry-collector-contrib/processor/tailsamplingprocessor/internal/store/redis/redis_config.go:271.2,271.12 1 1
github.com/open-telemetry/opentelemetry-collector-contrib/processor/tailsamplingprocessor/internal/store/redis/redis_config.go:275.40,276.23 1 1
github.com/open-telemetry/opentelemetry-collector-contrib/processor/tailsamplingprocessor/internal/store/redis/redis_config.go:276.23,278.3 1 0
github.com/open-telemetry/opentelemetry-collector-contrib/processor/tailsamplingprocessor/internal/store/redis/redis_config.go:280.2,280.27 1 1
github.com/open-telemetry/opentelemetry-collector-contrib/processor/tailsamplingprocessor/internal/store/redis/redis_config.go:280.27,282.3 1 0
github.com/open-telemetry/opentelemetry-collector-contrib/processor/tailsamplingprocessor/internal/store/redis/redis_config.go:284.2,284.23 1 1
github.com/open-telemetry/opentelemetry-collector-contrib/processor/tailsamplingprocessor/internal/store/redis/redis_config.go:284.23,286.3 1 0
github.com/open-telemetry/opentelemetry-collector-contrib/processor/tailsamplingprocessor/internal/store/redis/redis_config.go:288.2,288.37 1 1
github.com/open-telemetry/opentelemetry-collector-contrib/processor/tailsamplingprocessor/internal/store/redis/redis_config.go:288.37,290.3 1 0
github.com/open-telemetry/opentelemetry-collector-contrib/processor/tailsamplingprocessor/internal/store/redis/redis_config.go:292.2,292.32 1 1
github.com/open-telemetry/opentelemetry-collector-contrib/processor/tailsamplingprocessor/internal/store/redis/redis_config.go:292.32,294.3 1 0
github.com/open-telemetry/opentelemetry-collector-contrib/processor/tailsamplingprocessor/internal/store/redis/redis_config.go:296.2,296.12 1 1
github.com/open-telemetry/opentelemetry-collector-contrib/processor/tailsamplingprocessor/internal/store/redis/redis_config.go:300.39,302.24 2 0
github.com/open-telemetry/opentelemetry-collector-contrib/processor/tailsamplingprocessor/internal/store/redis/redis_config.go:302.24,304.3 1 0
github.com/open-telemetry/opentelemetry-collector-contrib/processor/tailsamplingprocessor/internal/store/redis/redis_config.go:305.2,305.22 1 0
github.com/open-telemetry/opentelemetry-collector-contrib/processor/tailsamplingprocessor/internal/store/redis/redis_iterator.go:28.157,29.19 1 0
github.com/open-telemetry/opentelemetry-collector-contrib/processor/tailsamplingprocessor/internal/store/redis/redis_iterator.go:29.19,31.3 1 0
github.com/open-telemetry/opentelemetry-collector-contrib/processor/tailsamplingprocessor/internal/store/redis/redis_iterator.go:34.2,35.16 2 0
github.com/open-telemetry/opentelemetry-collector-contrib/processor/tailsamplingprocessor/internal/store/redis/redis_iterator.go:35.16,37.3 1 0
github.com/open-telemetry/opentelemetry-collector-contrib/processor/tailsamplingprocessor/internal/store/redis/redis_iterator.go:39.2,40.52 2 0
github.com/open-telemetry/opentelemetry-collector-contrib/processor/tailsamplingprocessor/internal/store/redis/redis_iterator.go:40.52,42.3 1 0
github.com/open-telemetry/opentelemetry-collector-contrib/processor/tailsamplingprocessor/internal/store/redis/redis_iterator.go:44.2,52.8 1 0
github.com/open-telemetry/opentelemetry-collector-contrib/processor/tailsamplingprocessor/internal/store/redis/redis_iterator.go:56.84,57.15 1 0
github.com/open-telemetry/opentelemetry-collector-contrib/processor/tailsamplingprocessor/internal/store/redis/redis_iterator.go:57.15,59.3 1 0
github.com/open-telemetry/opentelemetry-collector-contrib/processor/tailsamplingprocessor/internal/store/redis/redis_iterator.go:61.2,61.36 1 0
github.com/open-telemetry/opentelemetry-collector-contrib/processor/tailsamplingprocessor/internal/store/redis/redis_iterator.go:61.36,63.3 1 0
github.com/open-telemetry/opentelemetry-collector-contrib/processor/tailsamplingprocessor/internal/store/redis/redis_iterator.go:66.2,68.26 3 0
github.com/open-telemetry/opentelemetry-collector-contrib/processor/tailsamplingprocessor/internal/store/redis/redis_iterator.go:68.26,70.3 1 0
github.com/open-telemetry/opentelemetry-collector-contrib/processor/tailsamplingprocessor/internal/store/redis/redis_iterator.go:73.2,74.16 2 0
github.com/open-telemetry/opentelemetry-collector-contrib/processor/tailsamplingprocessor/internal/store/redis/redis_iterator.go:74.16,76.3 1 0
github.com/open-telemetry/opentelemetry-collector-contrib/processor/tailsamplingprocessor/internal/store/redis/redis_iterator.go:79.2,83.32 2 0
github.com/open-telemetry/opentelemetry-collector-contrib/processor/tailsamplingprocessor/internal/store/redis/redis_iterator.go:83.32,85.17 2 0
github.com/open-telemetry/opentelemetry-collector-contrib/processor/tailsamplingprocessor/internal/store/redis/redis_iterator.go:85.17,87.12 2 0
github.com/open-telemetry/opentelemetry-collector-contrib/processor/tailsamplingprocessor/internal/store/redis/redis_iterator.go:89.3,89.37 1 0
github.com/open-telemetry/opentelemetry-collector-contrib/processor/tailsamplingprocessor/internal/store/redis/redis_iterator.go:93.2,95.26 2 0
github.com/open-telemetry/opentelemetry-collector-contrib/processor/tailsamplingprocessor/internal/store/redis/redis_iterator.go:99.44,102.2 2 0
github.com/open-telemetry/opentelemetry-collector-contrib/processor/tailsamplingprocessor/internal/store/redis/redis_iterator.go:105.84,111.2 1 0
github.com/open-telemetry/opentelemetry-collector-contrib/processor/tailsamplingprocessor/internal/store/redis/redis_iterator.go:119.41,121.2 1 0
github.com/open-telemetry/opentelemetry-collector-contrib/processor/tailsamplingprocessor/internal/store/redis/redis_iterator.go:124.58,125.34 1 0
github.com/open-telemetry/opentelemetry-collector-contrib/processor/tailsamplingprocessor/internal/store/redis/redis_iterator.go:125.34,127.3 1 0
github.com/open-telemetry/opentelemetry-collector-contrib/processor/tailsamplingprocessor/internal/store/redis/redis_iterator.go:128.2,128.21 1 0
github.com/open-telemetry/opentelemetry-collector-contrib/processor/tailsamplingprocessor/internal/store/redis/redis_iterator.go:132.65,134.32 2 0
github.com/open-telemetry/opentelemetry-collector-contrib/processor/tailsamplingprocessor/internal/store/redis/redis_iterator.go:134.32,140.3 1 0
github.com/open-telemetry/opentelemetry-collector-contrib/processor/tailsamplingprocessor/internal/store/redis/redis_iterator.go:141.2,141.41 1 0
github.com/open-telemetry/opentelemetry-collector-contrib/processor/tailsamplingprocessor/internal/store/redis/redis_iterator.go:145.48,147.2 1 0
github.com/open-telemetry/opentelemetry-collector-contrib/processor/tailsamplingprocessor/internal/store/redis/redis_scripts.go:31.78,36.2 1 0
github.com/open-telemetry/opentelemetry-collector-contrib/processor/tailsamplingprocessor/internal/store/redis/redis_scripts.go:39.65,49.36 2 0
github.com/open-telemetry/opentelemetry-collector-contrib/processor/tailsamplingprocessor/internal/store/redis/redis_scripts.go:49.36,52.17 3 0
github.com/open-telemetry/opentelemetry-collector-contrib/processor/tailsamplingprocessor/internal/store/redis/redis_scripts.go:52.17,54.4 1 0
github.com/open-telemetry/opentelemetry-collector-contrib/processor/tailsamplingprocessor/internal/store/redis/redis_scripts.go:55.3,56.89 2 0
github.com/open-telemetry/opentelemetry-collector-contrib/processor/tailsamplingprocessor/internal/store/redis/redis_scripts.go:59.2,60.12 2 0
github.com/open-telemetry/opentelemetry-collector-contrib/processor/tailsamplingprocessor/internal/store/redis/redis_scripts.go:64.105,90.16 4 0
github.com/open-telemetry/opentelemetry-collector-contrib/processor/tailsamplingprocessor/internal/store/redis/redis_scripts.go:90.16,92.3 1 0
github.com/open-telemetry/opentelemetry-collector-contrib/processor/tailsamplingprocessor/internal/store/redis/redis_scripts.go:94.2,94.39 1 0
github.com/open-telemetry/opentelemetry-collector-contrib/processor/tailsamplingprocessor/internal/store/redis/redis_scripts.go:98.92,108.16 4 0
github.com/open-telemetry/opentelemetry-collector-contrib/processor/tailsamplingprocessor/internal/store/redis/redis_scripts.go:108.16,110.3 1 0
github.com/open-telemetry/opentelemetry-collector-contrib/processor/tailsamplingprocessor/internal/store/redis/redis_scripts.go:113.2,114.9 2 0
github.com/open-telemetry/opentelemetry-collector-contrib/processor/tailsamplingprocessor/internal/store/redis/redis_scripts.go:114.9,116.3 1 0
github.com/open-telemetry/opentelemetry-collector-contrib/processor/tailsamplingprocessor/internal/store/redis/redis_scripts.go:118.2,118.27 1 0
github.com/open-telemetry/opentelemetry-collector-contrib/processor/tailsamplingprocessor/internal/store/redis/redis_scripts.go:122.91,127.16 4 0
github.com/open-telemetry/opentelemetry-collector-contrib/processor/tailsamplingprocessor/internal/store/redis/redis_scripts.go:127.16,129.3 1 0
github.com/open-telemetry/opentelemetry-collector-contrib/processor/tailsamplingprocessor/internal/store/redis/redis_scripts.go:131.2,131.12 1 0
github.com/open-telemetry/opentelemetry-collector-contrib/processor/tailsamplingprocessor/internal/store/redis/redis_scripts.go:135.86,145.16 4 0
github.com/open-telemetry/opentelemetry-collector-contrib/processor/tailsamplingprocessor/internal/store/redis/redis_scripts.go:145.16,147.3 1 0
github.com/open-telemetry/opentelemetry-collector-contrib/processor/tailsamplingprocessor/internal/store/redis/redis_scripts.go:149.2,149.12 1 0
github.com/open-telemetry/opentelemetry-collector-contrib/processor/tailsamplingprocessor/internal/store/redis/redis_scripts.go:153.88,171.16 4 0
github.com/open-telemetry/opentelemetry-collector-contrib/processor/tailsamplingprocessor/internal/store/redis/redis_scripts.go:171.16,173.3 1 0
github.com/open-telemetry/opentelemetry-collector-contrib/processor/tailsamplingprocessor/internal/store/redis/redis_scripts.go:175.2,175.12 1 0
github.com/open-telemetry/opentelemetry-collector-contrib/processor/tailsamplingprocessor/internal/store/redis/redis_scripts.go:181.90,184.19 1 0
github.com/open-telemetry/opentelemetry-collector-contrib/processor/tailsamplingprocessor/internal/store/redis/redis_scripts.go:184.19,186.3 1 0
github.com/open-telemetry/opentelemetry-collector-contrib/processor/tailsamplingprocessor/internal/store/redis/redis_scripts.go:189.2,196.8 1 0
github.com/open-telemetry/opentelemetry-collector-contrib/processor/tailsamplingprocessor/internal/store/redis/redis_scripts.go:199.75,200.18 1 0
github.com/open-telemetry/opentelemetry-collector-contrib/processor/tailsamplingprocessor/internal/store/redis/redis_scripts.go:201.29,202.19 1 0
github.com/open-telemetry/opentelemetry-collector-contrib/processor/tailsamplingprocessor/internal/store/redis/redis_scripts.go:203.32,204.23 1 0
github.com/open-telemetry/opentelemetry-collector-contrib/processor/tailsamplingprocessor/internal/store/redis/redis_scripts.go:205.10,206.19 1 0
github.com/open-telemetry/opentelemetry-collector-contrib/processor/tailsamplingprocessor/internal/store/redis/redis_scripts.go:210.28,211.7 1 0
github.com/open-telemetry/opentelemetry-collector-contrib/processor/tailsamplingprocessor/internal/store/redis/redis_scripts.go:211.7,213.3 1 0
github.com/open-telemetry/opentelemetry-collector-contrib/processor/tailsamplingprocessor/internal/store/redis/redis_scripts.go:214.2,214.10 1 0
github.com/open-telemetry/opentelemetry-collector-contrib/processor/tailsamplingprocessor/internal/store/redis/redis_scripts.go:218.56,219.14 1 0
github.com/open-telemetry/opentelemetry-collector-contrib/processor/tailsamplingprocessor/internal/store/redis/redis_scripts.go:220.26,221.30 1 0
github.com/open-telemetry/opentelemetry-collector-contrib/processor/tailsamplingprocessor/internal/store/redis/redis_scripts.go:222.23,223.28 1 0
github.com/open-telemetry/opentelemetry-collector-contrib/processor/tailsamplingprocessor/internal/store/redis/redis_scripts.go:224.23,225.28 1 0
github.com/open-telemetry/opentelemetry-collector-contrib/processor/tailsamplingprocessor/internal/store/redis/redis_scripts.go:226.22,227.27 1 0
github.com/open-telemetry/opentelemetry-collector-contrib/processor/tailsamplingprocessor/internal/store/redis/redis_scripts.go:228.27,229.31 1 0
github.com/open-telemetry/opentelemetry-collector-contrib/processor/tailsamplingprocessor/internal/store/redis/redis_scripts.go:230.25,231.29 1 0
github.com/open-telemetry/opentelemetry-collector-contrib/processor/tailsamplingprocessor/internal/store/redis/redis_scripts.go:232.10,233.12 1 0
github.com/open-telemetry/opentelemetry-collector-contrib/processor/tailsamplingprocessor/internal/store/redis/redis_store.go:56.121,57.19 1 0
github.com/open-telemetry/opentelemetry-collector-contrib/processor/tailsamplingprocessor/internal/store/redis/redis_store.go:57.19,59.3 1 0
github.com/open-telemetry/opentelemetry-collector-contrib/processor/tailsamplingprocessor/internal/store/redis/redis_store.go:62.2,63.16 2 0
github.com/open-telemetry/opentelemetry-collector-contrib/processor/tailsamplingprocessor/internal/store/redis/redis_store.go:63.16,65.3 1 0
github.com/open-telemetry/opentelemetry-collector-contrib/processor/tailsamplingprocessor/internal/store/redis/redis_store.go:68.2,68.41 1 0
github.com/open-telemetry/opentelemetry-collector-contrib/processor/tailsamplingprocessor/internal/store/redis/redis_store.go:68.41,70.3 1 0
github.com/open-telemetry/opentelemetry-collector-contrib/processor/tailsamplingprocessor/internal/store/redis/redis_store.go:73.2,74.49 2 0
github.com/open-telemetry/opentelemetry-collector-contrib/processor/tailsamplingprocessor/internal/store/redis/redis_store.go:74.49,76.3 1 0
github.com/open-telemetry/opentelemetry-collector-contrib/processor/tailsamplingprocessor/internal/store/redis/redis_store.go:79.2,80.16 2 0
github.com/open-telemetry/opentelemetry-collector-contrib/processor/tailsamplingprocessor/internal/store/redis/redis_store.go:80.16,82.3 1 0
github.com/open-telemetry/opentelemetry-collector-contrib/processor/tailsamplingprocessor/internal/store/redis/redis_store.go:84.2,101.16 3 0
github.com/open-telemetry/opentelemetry-collector-contrib/processor/tailsamplingprocessor/internal/store/redis/redis_store.go:105.149,118.23 5 0
github.com/open-telemetry/opentelemetry-collector-contrib/processor/tailsamplingprocessor/internal/store/redis/redis_store.go:118.23,121.3 2 0
github.com/open-telemetry/opentelemetry-collector-contrib/processor/tailsamplingprocessor/internal/store/redis/redis_store.go:121.8,121.32 1 0
github.com/open-telemetry/opentelemetry-collector-contrib/processor/tailsamplingprocessor/internal/store/redis/redis_store.go:121.32,124.3 2 0
github.com/open-telemetry/opentelemetry-collector-contrib/processor/tailsamplingprocessor/internal/store/redis/redis_store.go:127.2,145.16 3 0
github.com/open-telemetry/opentelemetry-collector-contrib/processor/tailsamplingprocessor/internal/store/redis/redis_store.go:145.16,148.3 2 0
github.com/open-telemetry/opentelemetry-collector-contrib/processor/tailsamplingprocessor/internal/store/redis/redis_store.go:150.2,154.8 1 0
github.com/open-telemetry/opentelemetry-collector-contrib/processor/tailsamplingprocessor/internal/store/redis/redis_store.go:158.122,170.16 4 0
github.com/open-telemetry/opentelemetry-collector-contrib/processor/tailsamplingprocessor/internal/store/redis/redis_store.go:170.16,173.3 2 0
github.com/open-telemetry/opentelemetry-collector-contrib/processor/tailsamplingprocessor/internal/store/redis/redis_store.go:175.2,175.14 1 0
github.com/open-telemetry/opentelemetry-collector-contrib/processor/tailsamplingprocessor/internal/store/redis/redis_store.go:175.14,177.3 1 0
github.com/open-telemetry/opentelemetry-collector-contrib/processor/tailsamplingprocessor/internal/store/redis/redis_store.go:177.8,179.3 1 0
github.com/open-telemetry/opentelemetry-collector-contrib/processor/tailsamplingprocessor/internal/store/redis/redis_store.go:181.2,181.22 1 0
github.com/open-telemetry/opentelemetry-collector-contrib/processor/tailsamplingprocessor/internal/store/redis/redis_store.go:185.102,195.16 4 0
github.com/open-telemetry/opentelemetry-collector-contrib/processor/tailsamplingprocessor/internal/store/redis/redis_store.go:195.16,198.3 2 0
github.com/open-telemetry/opentelemetry-collector-contrib/processor/tailsamplingprocessor/internal/store/redis/redis_store.go:200.2,201.12 2 0
github.com/open-telemetry/opentelemetry-collector-contrib/processor/tailsamplingprocessor/internal/store/redis/redis_store.go:205.97,211.16 4 0
github.com/open-telemetry/opentelemetry-collector-contrib/processor/tailsamplingprocessor/internal/store/redis/redis_store.go:211.16,214.3 2 0
github.com/open-telemetry/opentelemetry-collector-contrib/processor/tailsamplingprocessor/internal/store/redis/redis_store.go:216.2,216.18 1 0
github.com/open-telemetry/opentelemetry-collector-contrib/processor/tailsamplingprocessor/internal/store/redis/redis_store.go:220.141,227.16 4 0
github.com/open-telemetry/opentelemetry-collector-contrib/processor/tailsamplingprocessor/internal/store/redis/redis_store.go:227.16,230.3 2 0
github.com/open-telemetry/opentelemetry-collector-contrib/processor/tailsamplingprocessor/internal/store/redis/redis_store.go:233.2,234.16 2 0
github.com/open-telemetry/opentelemetry-collector-contrib/processor/tailsamplingprocessor/internal/store/redis/redis_store.go:234.16,237.3 2 0
github.com/open-telemetry/opentelemetry-collector-contrib/processor/tailsamplingprocessor/internal/store/redis/redis_store.go:239.2,239.25 1 0
github.com/open-telemetry/opentelemetry-collector-contrib/processor/tailsamplingprocessor/internal/store/redis/redis_store.go:243.145,250.16 4 0
github.com/open-telemetry/opentelemetry-collector-contrib/processor/tailsamplingprocessor/internal/store/redis/redis_store.go:250.16,253.3 2 0
github.com/open-telemetry/opentelemetry-collector-contrib/processor/tailsamplingprocessor/internal/store/redis/redis_store.go:256.2,257.16 2 0
github.com/open-telemetry/opentelemetry-collector-contrib/processor/tailsamplingprocessor/internal/store/redis/redis_store.go:257.16,260.3 2 0
github.com/open-telemetry/opentelemetry-collector-contrib/processor/tailsamplingprocessor/internal/store/redis/redis_store.go:262.2,262.28 1 0
github.com/open-telemetry/opentelemetry-collector-contrib/processor/tailsamplingprocessor/internal/store/redis/redis_store.go:266.138,279.16 4 0
github.com/open-telemetry/opentelemetry-collector-contrib/processor/tailsamplingprocessor/internal/store/redis/redis_store.go:279.16,282.3 2 0
github.com/open-telemetry/opentelemetry-collector-contrib/processor/tailsamplingprocessor/internal/store/redis/redis_store.go:284.2,284.12 1 0
github.com/open-telemetry/opentelemetry-collector-contrib/processor/tailsamplingprocessor/internal/store/redis/redis_store.go:288.109,294.16 4 0
github.com/open-telemetry/opentelemetry-collector-contrib/processor/tailsamplingprocessor/internal/store/redis/redis_store.go:294.16,297.3 2 0
github.com/open-telemetry/opentelemetry-collector-contrib/processor/tailsamplingprocessor/internal/store/redis/redis_store.go:299.2,299.29 1 0
github.com/open-telemetry/opentelemetry-collector-contrib/processor/tailsamplingprocessor/internal/store/redis/redis_store.go:303.106,315.16 4 0
github.com/open-telemetry/opentelemetry-collector-contrib/processor/tailsamplingprocessor/internal/store/redis/redis_store.go:315.16,318.3 2 0
github.com/open-telemetry/opentelemetry-collector-contrib/processor/tailsamplingprocessor/internal/store/redis/redis_store.go:320.2,320.12 1 0
github.com/open-telemetry/opentelemetry-collector-contrib/processor/tailsamplingprocessor/internal/store/redis/redis_store.go:324.107,328.28 2 0
github.com/open-telemetry/opentelemetry-collector-contrib/processor/tailsamplingprocessor/internal/store/redis/redis_store.go:328.28,331.3 2 0
github.com/open-telemetry/opentelemetry-collector-contrib/processor/tailsamplingprocessor/internal/store/redis/redis_store.go:334.2,335.16 2 0
github.com/open-telemetry/opentelemetry-collector-contrib/processor/tailsamplingprocessor/internal/store/redis/redis_store.go:335.16,338.3 2 0
github.com/open-telemetry/opentelemetry-collector-contrib/processor/tailsamplingprocessor/internal/store/redis/redis_store.go:341.2,346.16 4 0
github.com/open-telemetry/opentelemetry-collector-contrib/processor/tailsamplingprocessor/internal/store/redis/redis_store.go:346.16,349.3 2 0
github.com/open-telemetry/opentelemetry-collector-contrib/processor/tailsamplingprocessor/internal/store/redis/redis_store.go:352.2,353.16 2 0
github.com/open-telemetry/opentelemetry-collector-contrib/processor/tailsamplingprocessor/internal/store/redis/redis_store.go:353.16,356.3 2 0
github.com/open-telemetry/opentelemetry-collector-contrib/processor/tailsamplingprocessor/internal/store/redis/redis_store.go:359.2,368.22 2 0
github.com/open-telemetry/opentelemetry-collector-contrib/processor/tailsamplingprocessor/internal/store/redis/redis_store.go:372.83,378.2 3 0
github.com/open-telemetry/opentelemetry-collector-contrib/processor/tailsamplingprocessor/internal/store/redis/redis_store.go:381.71,404.2 6 0
github.com/open-telemetry/opentelemetry-collector-contrib/processor/tailsamplingprocessor/internal/store/redis/redis_store.go:407.56,410.22 2 0
github.com/open-telemetry/opentelemetry-collector-contrib/processor/tailsamplingprocessor/internal/store/redis/redis_store.go:410.22,412.3 1 0
github.com/open-telemetry/opentelemetry-collector-contrib/processor/tailsamplingprocessor/internal/store/redis/redis_store.go:414.2,414.12 1 0
github.com/open-telemetry/opentelemetry-collector-contrib/processor/tailsamplingprocessor/internal/store/redis/redis_store.go:419.74,432.2 3 1
github.com/open-telemetry/opentelemetry-collector-contrib/processor/tailsamplingprocessor/internal/store/redis/redis_store.go:434.52,438.19 3 1
github.com/open-telemetry/opentelemetry-collector-contrib/processor/tailsamplingprocessor/internal/store/redis/redis_store.go:438.19,440.3 1 0
github.com/open-telemetry/opentelemetry-collector-contrib/processor/tailsamplingprocessor/internal/store/redis/redis_store.go:442.2,442.49 1 1
github.com/open-telemetry/opentelemetry-collector-contrib/processor/tailsamplingprocessor/internal/store/redis/redis_store.go:446.99,448.16 2 0
github.com/open-telemetry/opentelemetry-collector-contrib/processor/tailsamplingprocessor/internal/store/redis/redis_store.go:448.16,450.3 1 0
github.com/open-telemetry/opentelemetry-collector-contrib/processor/tailsamplingprocessor/internal/store/redis/redis_store.go:452.2,452.24 1 0
github.com/open-telemetry/opentelemetry-collector-contrib/processor/tailsamplingprocessor/internal/store/redis/redis_store.go:452.24,454.3 1 0
github.com/open-telemetry/opentelemetry-collector-contrib/processor/tailsamplingprocessor/internal/store/redis/redis_store.go:457.2,458.60 2 0
github.com/open-telemetry/opentelemetry-collector-contrib/processor/tailsamplingprocessor/internal/store/redis/redis_store.go:458.60,459.61 1 0
github.com/open-telemetry/opentelemetry-collector-contrib/processor/tailsamplingprocessor/internal/store/redis/redis_store.go:459.61,461.4 1 0
github.com/open-telemetry/opentelemetry-collector-contrib/processor/tailsamplingprocessor/internal/store/redis/redis_store.go:463.2,463.64 1 0
github.com/open-telemetry/opentelemetry-collector-contrib/processor/tailsamplingprocessor/internal/store/redis/redis_store.go:463.64,464.65 1 0
github.com/open-telemetry/opentelemetry-collector-contrib/processor/tailsamplingprocessor/internal/store/redis/redis_store.go:464.65,466.4 1 0
github.com/open-telemetry/opentelemetry-collector-contrib/processor/tailsamplingprocessor/internal/store/redis/redis_store.go:468.2,468.60 1 0
github.com/open-telemetry/opentelemetry-collector-contrib/processor/tailsamplingprocessor/internal/store/redis/redis_store.go:468.60,469.60 1 0
github.com/open-telemetry/opentelemetry-collector-contrib/processor/tailsamplingprocessor/internal/store/redis/redis_store.go:469.60,471.4 1 0
github.com/open-telemetry/opentelemetry-collector-contrib/processor/tailsamplingprocessor/internal/store/redis/redis_store.go:473.2,473.58 1 0
github.com/open-telemetry/opentelemetry-collector-contrib/processor/tailsamplingprocessor/internal/store/redis/redis_store.go:473.58,474.58 1 0
github.com/open-telemetry/opentelemetry-collector-contrib/processor/tailsamplingprocessor/internal/store/redis/redis_store.go:474.58,476.4 1 0
github.com/open-telemetry/opentelemetry-collector-contrib/processor/tailsamplingprocessor/internal/store/redis/redis_store.go:479.2,479.18 1 0
github.com/open-telemetry/opentelemetry-collector-contrib/processor/tailsamplingprocessor/internal/store/redis/redis_store.go:483.127,486.16 2 0
github.com/open-telemetry/opentelemetry-collector-contrib/processor/tailsamplingprocessor/internal/store/redis/redis_store.go:486.16,488.3 1 0
github.com/open-telemetry/opentelemetry-collector-contrib/processor/tailsamplingprocessor/internal/store/redis/redis_store.go:490.2,490.20 1 0
github.com/open-telemetry/opentelemetry-collector-contrib/processor/tailsamplingprocessor/internal/store/redis/redis_store.go:490.20,492.3 1 0
github.com/open-telemetry/opentelemetry-collector-contrib/processor/tailsamplingprocessor/internal/store/redis/redis_store.go:495.2,497.57 3 0
github.com/open-telemetry/opentelemetry-collector-contrib/processor/tailsamplingprocessor/internal/store/redis/redis_store.go:497.57,499.3 1 0
github.com/open-telemetry/opentelemetry-collector-contrib/processor/tailsamplingprocessor/internal/store/redis/redis_store.go:502.2,503.16 2 0
github.com/open-telemetry/opentelemetry-collector-contrib/processor/tailsamplingprocessor/internal/store/redis/redis_store.go:503.16,505.3 1 0
github.com/open-telemetry/opentelemetry-collector-contrib/processor/tailsamplingprocessor/internal/store/redis/redis_store.go:508.2,508.44 1 0
github.com/open-telemetry/opentelemetry-collector-contrib/processor/tailsamplingprocessor/internal/store/redis/redis_store.go:512.115,514.16 2 0
github.com/open-telemetry/opentelemetry-collector-contrib/processor/tailsamplingprocessor/internal/store/redis/redis_store.go:514.16,516.22 1 0
github.com/open-telemetry/opentelemetry-collector-contrib/processor/tailsamplingprocessor/internal/store/redis/redis_store.go:516.22,518.4 1 0
github.com/open-telemetry/opentelemetry-collector-contrib/processor/tailsamplingprocessor/internal/store/redis/redis_store.go:519.3,519.85 1 0
github.com/open-telemetry/opentelemetry-collector-contrib/processor/tailsamplingprocessor/internal/store/redis/redis_store.go:523.2,524.16 2 0
github.com/open-telemetry/opentelemetry-collector-contrib/processor/tailsamplingprocessor/internal/store/redis/redis_store.go:524.16,526.3 1 0
github.com/open-telemetry/opentelemetry-collector-contrib/processor/tailsamplingprocessor/internal/store/redis/redis_store.go:528.2,528.28 1 0
github.com/open-telemetry/opentelemetry-collector-contrib/processor/tailsamplingprocessor/internal/store/redis/redis_store.go:533.42,535.2 1 0
github.com/open-telemetry/opentelemetry-collector-contrib/processor/tailsamplingprocessor/internal/store/redis/redis_store.go:537.45,539.16 2 0
github.com/open-telemetry/opentelemetry-collector-contrib/processor/tailsamplingprocessor/internal/store/redis/redis_store.go:539.16,541.3 1 0
github.com/open-telemetry/opentelemetry-collector-contrib/processor/tailsamplingprocessor/internal/store/redis/redis_store.go:542.2,542.37 1 0
github.com/open-telemetry/opentelemetry-collector-contrib/processor/tailsamplingprocessor/internal/store/redis/redis_store.go:545.54,546.28 1 0
github.com/open-telemetry/opentelemetry-collector-contrib/processor/tailsamplingprocessor/internal/store/redis/redis_store.go:547.17,548.36 1 0
github.com/open-telemetry/opentelemetry-collector-contrib/processor/tailsamplingprocessor/internal/store/redis/redis_store.go:549.21,550.39 1 0
github.com/open-telemetry/opentelemetry-collector-contrib/processor/tailsamplingprocessor/internal/store/redis/redis_store.go:551.10,552.70 1 0
github.com/open-telemetry/opentelemetry-collector-contrib/processor/tailsamplingprocessor/internal/store/redis/redis_store.go:556.33,558.2 1 0
github.com/open-telemetry/opentelemetry-collector-contrib/processor/tailsamplingprocessor/internal/store/redis/redis_store.go:561.66,563.2 1 0
github.com/open-telemetry/opentelemetry-collector-contrib/processor/tailsamplingprocessor/internal/store/redis/redis_store.go:566.117,567.41 1 0
github.com/open-telemetry/opentelemetry-collector-contrib/processor/tailsamplingprocessor/internal/store/redis/redis_store.go:567.41,569.3 1 0
github.com/open-telemetry/opentelemetry-collector-contrib/processor/tailsamplingprocessor/internal/store/redis/redis_store.go:571.2,587.16 4 0
github.com/open-telemetry/opentelemetry-collector-contrib/processor/tailsamplingprocessor/internal/store/redis/redis_store.go:587.16,589.3 1 0
github.com/open-telemetry/opentelemetry-collector-contrib/processor/tailsamplingprocessor/internal/store/redis/redis_store.go:591.2,591.12 1 0
github.com/open-telemetry/opentelemetry-collector-contrib/processor/tailsamplingprocessor/internal/store/redis/redis_store.go:596.60,598.2 1 0
github.com/open-telemetry/opentelemetry-collector-contrib/processor/tailsamplingprocessor/internal/store/redis/redis_store.go:600.55,602.2 1 0
github.com/open-telemetry/opentelemetry-collector-contrib/processor/tailsamplingprocessor/internal/store/redis/redis_store.go:604.57,605.15 1 0
github.com/open-telemetry/opentelemetry-collector-contrib/processor/tailsamplingprocessor/internal/store/redis/redis_store.go:606.9,607.30 1 0
github.com/open-telemetry/opentelemetry-collector-contrib/processor/tailsamplingprocessor/internal/store/redis/redis_store.go:608.9,609.35 1 0
github.com/open-telemetry/opentelemetry-collector-contrib/processor/tailsamplingprocessor/internal/store/redis/redis_store.go:610.10,611.30 1 0
github.com/open-telemetry/opentelemetry-collector-contrib/processor/tailsamplingprocessor/internal/store/redis/redis_store.go:615.39,616.15 1 0
github.com/open-telemetry/opentelemetry-collector-contrib/processor/tailsamplingprocessor/internal/store/redis/redis_store.go:617.9,618.16 1 0
github.com/open-telemetry/opentelemetry-collector-contrib/processor/tailsamplingprocessor/internal/store/redis/redis_store.go:619.9,620.21 1 0
github.com/open-telemetry/opentelemetry-collector-contrib/processor/tailsamplingprocessor/internal/store/redis/redis_store.go:621.10,622.16 1 0
github.com/open-telemetry/opentelemetry-collector-contrib/processor/tailsamplingprocessor/internal/store/redis/script_retry.go:29.108,30.19 1 1
github.com/open-telemetry/opentelemetry-collector-contrib/processor/tailsamplingprocessor/internal/store/redis/script_retry.go:30.19,32.3 1 1
github.com/open-telemetry/opentelemetry-collector-contrib/processor/tailsamplingprocessor/internal/store/redis/script_retry.go:34.2,40.3 1 1
github.com/open-telemetry/opentelemetry-collector-contrib/processor/tailsamplingprocessor/internal/store/redis/script_retry.go:44.101,50.48 3 1
github.com/open-telemetry/opentelemetry-collector-contrib/processor/tailsamplingprocessor/internal/store/redis/script_retry.go:50.48,53.17 3 1
github.com/open-telemetry/opentelemetry-collector-contrib/processor/tailsamplingprocessor/internal/store/redis/script_retry.go:53.17,55.4 1 1
github.com/open-telemetry/opentelemetry-collector-contrib/processor/tailsamplingprocessor/internal/store/redis/script_retry.go:56.3,56.13 1 1
github.com/open-telemetry/opentelemetry-collector-contrib/processor/tailsamplingprocessor/internal/store/redis/script_retry.go:59.2,59.16 1 1
github.com/open-telemetry/opentelemetry-collector-contrib/processor/tailsamplingprocessor/internal/store/redis/script_retry.go:59.16,61.3 1 1
github.com/open-telemetry/opentelemetry-collector-contrib/processor/tailsamplingprocessor/internal/store/redis/script_retry.go:64.2,69.17 3 1
github.com/open-telemetry/opentelemetry-collector-contrib/processor/tailsamplingprocessor/internal/store/redis/script_retry.go:73.136,75.13 2 1
github.com/open-telemetry/opentelemetry-collector-contrib/processor/tailsamplingprocessor/internal/store/redis/script_retry.go:75.13,77.3 1 1
github.com/open-telemetry/opentelemetry-collector-contrib/processor/tailsamplingprocessor/internal/store/redis/script_retry.go:79.2,80.16 2 1
github.com/open-telemetry/opentelemetry-collector-contrib/processor/tailsamplingprocessor/internal/store/redis/script_retry.go:80.16,82.3 1 0
github.com/open-telemetry/opentelemetry-collector-contrib/processor/tailsamplingprocessor/internal/store/redis/script_retry.go:84.2,85.48 2 1
github.com/open-telemetry/opentelemetry-collector-contrib/processor/tailsamplingprocessor/internal/store/redis/script_retry.go:85.48,89.17 3 1
github.com/open-telemetry/opentelemetry-collector-contrib/processor/tailsamplingprocessor/internal/store/redis/script_retry.go:89.17,91.28 1 1
github.com/open-telemetry/opentelemetry-collector-contrib/processor/tailsamplingprocessor/internal/store/redis/script_retry.go:91.28,98.25 3 1
github.com/open-telemetry/opentelemetry-collector-contrib/processor/tailsamplingprocessor/internal/store/redis/script_retry.go:98.25,100.6 1 0
github.com/open-telemetry/opentelemetry-collector-contrib/processor/tailsamplingprocessor/internal/store/redis/script_retry.go:103.5,108.19 4 1
github.com/open-telemetry/opentelemetry-collector-contrib/processor/tailsamplingprocessor/internal/store/redis/script_retry.go:108.19,110.6 1 0
github.com/open-telemetry/opentelemetry-collector-contrib/processor/tailsamplingprocessor/internal/store/redis/script_retry.go:112.5,112.15 1 1
github.com/open-telemetry/opentelemetry-collector-contrib/processor/tailsamplingprocessor/internal/store/redis/script_retry.go:116.4,116.38 1 1
github.com/open-telemetry/opentelemetry-collector-contrib/processor/tailsamplingprocessor/internal/store/redis/script_retry.go:116.38,118.5 1 1
github.com/open-telemetry/opentelemetry-collector-contrib/processor/tailsamplingprocessor/internal/store/redis/script_retry.go:121.4,121.30 1 1
github.com/open-telemetry/opentelemetry-collector-contrib/processor/tailsamplingprocessor/internal/store/redis/script_retry.go:121.30,124.5 1 1
github.com/open-telemetry/opentelemetry-collector-contrib/processor/tailsamplingprocessor/internal/store/redis/script_retry.go:126.4,126.70 1 1
github.com/open-telemetry/opentelemetry-collector-contrib/processor/tailsamplingprocessor/internal/store/redis/script_retry.go:129.3,129.13 1 1
github.com/open-telemetry/opentelemetry-collector-contrib/processor/tailsamplingprocessor/internal/store/redis/script_retry.go:132.2,132.20 1 1
github.com/open-telemetry/opentelemetry-collector-contrib/processor/tailsamplingprocessor/internal/store/redis/script_retry.go:136.93,137.25 1 1
github.com/open-telemetry/opentelemetry-collector-contrib/processor/tailsamplingprocessor/internal/store/redis/script_retry.go:137.25,140.3 1 1
github.com/open-telemetry/opentelemetry-collector-contrib/processor/tailsamplingprocessor/internal/store/redis/script_retry.go:142.2,144.65 2 1
github.com/open-telemetry/opentelemetry-collector-contrib/processor/tailsamplingprocessor/internal/store/redis/script_retry.go:144.65,146.17 2 1
github.com/open-telemetry/opentelemetry-collector-contrib/processor/tailsamplingprocessor/internal/store/redis/script_retry.go:146.17,148.4 1 1
github.com/open-telemetry/opentelemetry-collector-contrib/processor/tailsamplingprocessor/internal/store/redis/script_retry.go:151.3,151.23 1 1
github.com/open-telemetry/opentelemetry-collector-contrib/processor/tailsamplingprocessor/internal/store/redis/script_retry.go:151.23,153.4 1 0
github.com/open-telemetry/opentelemetry-collector-contrib/processor/tailsamplingprocessor/internal/store/redis/script_retry.go:156.3,156.37 1 1
github.com/open-telemetry/opentelemetry-collector-contrib/processor/tailsamplingprocessor/internal/store/redis/script_retry.go:156.37,159.4 1 1
github.com/open-telemetry/opentelemetry-collector-contrib/processor/tailsamplingprocessor/internal/store/redis/script_retry.go:162.3,162.29 1 1
github.com/open-telemetry/opentelemetry-collector-contrib/processor/tailsamplingprocessor/internal/store/redis/script_retry.go:162.29,168.4 2 1
github.com/open-telemetry/opentelemetry-collector-contrib/processor/tailsamplingprocessor/internal/store/redis/script_retry.go:171.3,171.40 1 1
github.com/open-telemetry/opentelemetry-collector-contrib/processor/tailsamplingprocessor/internal/store/redis/script_retry.go:171.40,176.4 2 1
github.com/open-telemetry/opentelemetry-collector-contrib/processor/tailsamplingprocessor/internal/store/redis/script_retry.go:179.3,185.10 2 1
github.com/open-telemetry/opentelemetry-collector-contrib/processor/tailsamplingprocessor/internal/store/redis/script_retry.go:186.30,186.30 0 1
github.com/open-telemetry/opentelemetry-collector-contrib/processor/tailsamplingprocessor/internal/store/redis/script_retry.go:187.21,188.20 1 1
github.com/open-telemetry/opentelemetry-collector-contrib/processor/tailsamplingprocessor/internal/store/redis/script_retry.go:192.3,193.38 2 1
github.com/open-telemetry/opentelemetry-collector-contrib/processor/tailsamplingprocessor/internal/store/redis/script_retry.go:193.38,195.4 1 0
github.com/open-telemetry/opentelemetry-collector-contrib/processor/tailsamplingprocessor/internal/store/redis/script_retry.go:198.2,198.63 1 0
github.com/open-telemetry/opentelemetry-collector-contrib/processor/tailsamplingprocessor/internal/store/redis/script_retry.go:202.38,203.16 1 1
github.com/open-telemetry/opentelemetry-collector-contrib/processor/tailsamplingprocessor/internal/store/redis/script_retry.go:203.16,205.3 1 1
github.com/open-telemetry/opentelemetry-collector-contrib/processor/tailsamplingprocessor/internal/store/redis/script_retry.go:208.2,210.49 2 1
github.com/open-telemetry/opentelemetry-collector-contrib/processor/tailsamplingprocessor/internal/store/redis/script_retry.go:214.39,215.16 1 1
github.com/open-telemetry/opentelemetry-collector-contrib/processor/tailsamplingprocessor/internal/store/redis/script_retry.go:215.16,217.3 1 1
github.com/open-telemetry/opentelemetry-collector-contrib/processor/tailsamplingprocessor/internal/store/redis/script_retry.go:220.2,220.82 1 1
github.com/open-telemetry/opentelemetry-collector-contrib/processor/tailsamplingprocessor/internal/store/redis/script_retry.go:220.82,222.3 1 1
github.com/open-telemetry/opentelemetry-collector-contrib/processor/tailsamplingprocessor/internal/store/redis/script_retry.go:225.2,225.31 1 1
github.com/open-telemetry/opentelemetry-collector-contrib/processor/tailsamplingprocessor/internal/store/redis/script_retry.go:225.31,227.3 1 1
github.com/open-telemetry/opentelemetry-collector-contrib/processor/tailsamplingprocessor/internal/store/redis/script_retry.go:229.2,241.39 3 1
github.com/open-telemetry/opentelemetry-collector-contrib/processor/tailsamplingprocessor/internal/store/redis/script_retry.go:241.39,242.40 1 1
github.com/open-telemetry/opentelemetry-collector-contrib/processor/tailsamplingprocessor/internal/store/redis/script_retry.go:242.40,244.4 1 1
github.com/open-telemetry/opentelemetry-collector-contrib/processor/tailsamplingprocessor/internal/store/redis/script_retry.go:248.2,260.36 2 1
github.com/open-telemetry/opentelemetry-collector-contrib/processor/tailsamplingprocessor/internal/store/redis/script_retry.go:260.36,261.74 1 1
github.com/open-telemetry/opentelemetry-collector-contrib/processor/tailsamplingprocessor/internal/store/redis/script_retry.go:261.74,263.4 1 1
github.com/open-telemetry/opentelemetry-collector-contrib/processor/tailsamplingprocessor/internal/store/redis/script_retry.go:267.2,267.13 1 1
github.com/open-telemetry/opentelemetry-collector-contrib/processor/tailsamplingprocessor/internal/store/redis/script_retry.go:271.74,281.36 2 1
github.com/open-telemetry/opentelemetry-collector-contrib/processor/tailsamplingprocessor/internal/store/redis/script_retry.go:281.36,282.62 1 1
github.com/open-telemetry/opentelemetry-collector-contrib/processor/tailsamplingprocessor/internal/store/redis/script_retry.go:282.62,284.4 1 0
github.com/open-telemetry/opentelemetry-collector-contrib/processor/tailsamplingprocessor/internal/store/redis/script_retry.go:287.2,290.12 2 1
